<?xml version="1.0" encoding="UTF-8"?>
<!-- Generated by org.testng.reporters.JUnitXMLReporter -->
<testsuite ignored="0" hostname="MSI" failures="1" tests="1" name="Test1" time="7.009" errors="0" timestamp="2022-01-30T21:55:58 IST">
  <testcase classname="TestAutomation.SanityTest" name="homePageNavigation" time="3.588">
    <failure type="junit.framework.ComparisonFailure" message="expected:&amp;lt;...s&amp;gt; but was:&amp;lt;...&amp;gt;">
      <![CDATA[junit.framework.ComparisonFailure: expected:<...s> but was:<...>
at junit.framework.Assert.assertEquals(Assert.java:81)
at junit.framework.Assert.assertEquals(Assert.java:87)
at TestAutomation.SanityTest.homePageNavigation(SanityTest.java:62)
at java.base/java.util.ArrayList.forEach(ArrayList.java:1511)
... Removed 27 stack frames]]>
    </failure>
  </testcase> <!-- homePageNavigation -->
</testsuite> <!-- Test1 -->
