<?xml version="1.0" encoding="UTF-8"?>
<testng-results ignored="0" total="2" passed="2" failed="0" skipped="0">
  <reporter-output>
  </reporter-output>
  <suite started-at="2022-01-31T13:34:21 IST" name="Suite" finished-at="2022-01-31T13:34:26 IST" duration-ms="4658">
    <groups>
    </groups>
    <test started-at="2022-01-31T13:34:21 IST" name="Test" finished-at="2022-01-31T13:34:26 IST" duration-ms="4658">
      <class name="TestAutomation.SanityTest">
        <test-method is-config="true" signature="InitializeWebDriver()[pri:0, instance:TestAutomation.SanityTest@38be305c]" started-at="2022-01-31T13:34:21 IST" name="InitializeWebDriver" finished-at="2022-01-31T13:34:24 IST" duration-ms="3163" status="PASS">
          <reporter-output>
          </reporter-output>
        </test-method> <!-- InitializeWebDriver -->
        <test-method signature="homePageNavigation(java.lang.String,java.lang.String,java.lang.String)[pri:0, instance:TestAutomation.SanityTest@38be305c]" started-at="2022-01-31T13:34:24 IST" name="homePageNavigation" data-provider="getData" finished-at="2022-01-31T13:34:26 IST" duration-ms="1378" status="PASS">
          <params>
            <param index="0">
              <value>
                <![CDATA[lalithapadala3@gmail.com]]>
              </value>
            </param>
            <param index="1">
              <value>
                <![CDATA[test@123]]>
              </value>
            </param>
            <param index="2">
              <value>
                <![CDATA[Welcome to Address Book]]>
              </value>
            </param>
          </params>
          <reporter-output>
          </reporter-output>
        </test-method> <!-- homePageNavigation -->
        <test-method is-config="true" signature="shutDownDriver()[pri:0, instance:TestAutomation.SanityTest@38be305c]" started-at="2022-01-31T13:34:26 IST" name="shutDownDriver" finished-at="2022-01-31T13:34:26 IST" duration-ms="103" status="PASS">
          <reporter-output>
          </reporter-output>
        </test-method> <!-- shutDownDriver -->
      </class> <!-- TestAutomation.SanityTest -->
      <class name="TestAutomation.AppTest">
        <test-method signature="test1()[pri:0, instance:TestAutomation.AppTest@24d4d7c9]" started-at="2022-01-31T13:34:21 IST" name="test1" finished-at="2022-01-31T13:34:21 IST" duration-ms="11" status="PASS">
          <reporter-output>
          </reporter-output>
        </test-method> <!-- test1 -->
      </class> <!-- TestAutomation.AppTest -->
    </test> <!-- Test -->
  </suite> <!-- Suite -->
</testng-results>
