<?xml version="1.0" encoding="UTF-8"?>
<testng-results ignored="0" total="2" passed="1" failed="1" skipped="0">
  <reporter-output>
  </reporter-output>
  <suite started-at="2022-01-31T13:33:18 IST" name="Suite" finished-at="2022-01-31T13:33:23 IST" duration-ms="4949">
    <groups>
    </groups>
    <test started-at="2022-01-31T13:33:18 IST" name="Test" finished-at="2022-01-31T13:33:23 IST" duration-ms="4949">
      <class name="TestAutomation.SanityTest">
        <test-method is-config="true" signature="InitializeWebDriver()[pri:0, instance:TestAutomation.SanityTest@751e664e]" started-at="2022-01-31T13:33:18 IST" name="InitializeWebDriver" finished-at="2022-01-31T13:33:21 IST" duration-ms="3049" status="PASS">
          <reporter-output>
          </reporter-output>
        </test-method> <!-- InitializeWebDriver -->
        <test-method signature="homePageNavigation(java.lang.String,java.lang.String,java.lang.String)[pri:0, instance:TestAutomation.SanityTest@751e664e]" started-at="2022-01-31T13:33:21 IST" name="homePageNavigation" data-provider="getData" finished-at="2022-01-31T13:33:23 IST" duration-ms="1618" status="FAIL">
          <params>
            <param index="0">
              <value>
                <![CDATA[lalithapadala3@gmail.com]]>
              </value>
            </param>
            <param index="1">
              <value>
                <![CDATA[test@123]]>
              </value>
            </param>
            <param index="2">
              <value>
                <![CDATA[Welcome to Address Books]]>
              </value>
            </param>
          </params>
          <exception class="junit.framework.ComparisonFailure">
            <message>
              <![CDATA[expected:<...s> but was:<...>]]>
            </message>
            <full-stacktrace>
              <![CDATA[junit.framework.ComparisonFailure: expected:<...s> but was:<...>
at junit.framework.Assert.assertEquals(Assert.java:81)
at junit.framework.Assert.assertEquals(Assert.java:87)
at TestAutomation.SanityTest.homePageNavigation(SanityTest.java:68)
at java.base/jdk.internal.reflect.NativeMethodAccessorImpl.invoke0(Native Method)
at java.base/jdk.internal.reflect.NativeMethodAccessorImpl.invoke(NativeMethodAccessorImpl.java:78)
at java.base/jdk.internal.reflect.DelegatingMethodAccessorImpl.invoke(DelegatingMethodAccessorImpl.java:43)
at java.base/java.lang.reflect.Method.invoke(Method.java:567)
at org.testng.internal.invokers.MethodInvocationHelper.invokeMethod(MethodInvocationHelper.java:135)
at org.testng.internal.invokers.TestInvoker.invokeMethod(TestInvoker.java:673)
at org.testng.internal.invokers.TestInvoker.invokeTestMethod(TestInvoker.java:220)
at org.testng.internal.invokers.MethodRunner.runInSequence(MethodRunner.java:50)
at org.testng.internal.invokers.TestInvoker$MethodInvocationAgent.invoke(TestInvoker.java:945)
at org.testng.internal.invokers.TestInvoker.invokeTestMethods(TestInvoker.java:193)
at org.testng.internal.invokers.TestMethodWorker.invokeTestMethods(TestMethodWorker.java:146)
at org.testng.internal.invokers.TestMethodWorker.run(TestMethodWorker.java:128)
at java.base/java.util.concurrent.ThreadPoolExecutor.runWorker(ThreadPoolExecutor.java:1130)
at java.base/java.util.concurrent.ThreadPoolExecutor$Worker.run(ThreadPoolExecutor.java:630)
at java.base/java.lang.Thread.run(Thread.java:831)
]]>
            </full-stacktrace>
          </exception> <!-- junit.framework.ComparisonFailure -->
          <reporter-output>
          </reporter-output>
        </test-method> <!-- homePageNavigation -->
        <test-method is-config="true" signature="shutDownDriver()[pri:0, instance:TestAutomation.SanityTest@751e664e]" started-at="2022-01-31T13:33:23 IST" name="shutDownDriver" finished-at="2022-01-31T13:33:23 IST" duration-ms="102" status="PASS">
          <reporter-output>
          </reporter-output>
        </test-method> <!-- shutDownDriver -->
      </class> <!-- TestAutomation.SanityTest -->
      <class name="TestAutomation.AppTest">
        <test-method signature="test1()[pri:0, instance:TestAutomation.AppTest@22db8f4]" started-at="2022-01-31T13:33:18 IST" name="test1" finished-at="2022-01-31T13:33:18 IST" duration-ms="17" status="PASS">
          <reporter-output>
          </reporter-output>
        </test-method> <!-- test1 -->
      </class> <!-- TestAutomation.AppTest -->
    </test> <!-- Test -->
  </suite> <!-- Suite -->
</testng-results>
